<?xml version="1.0" encoding="UTF-8"?>
<!-- Generated by org.testng.reporters.JUnitXMLReporter -->
<testsuite ignored="0" hostname="ANANDTOPU-PC" failures="0" tests="2" name="programmatic-client-examples" time="462.442" errors="0" timestamp="2026-05-18T23:00:27 CDT">
  <testcase classname="com.example.ParallelSuitesWithOneApiKeyTest" name="runMultipleSuitesInParallelWithOneApiKey" time="230.595"/>
  <testcase classname="com.example.SingleSuiteHundredCasesTest" name="submitOneSuiteWithHundredCasesAndStepDetails" time="231.805"/>
</testsuite> <!-- programmatic-client-examples -->
