<?xml version="1.0" encoding="UTF-8"?>
<!-- Generated by org.testng.reporters.JUnitXMLReporter -->
<testsuite ignored="0" hostname="ANANDTOPU-PC" failures="2" tests="3" name="volume-replication-suites" time="214.019" errors="0" timestamp="2026-05-18T23:04:01 CDT">
  <testcase classname="com.example.Volume100With10FailuresTest" name="run100CasesWith10Failures" time="25.838"/>
  <testcase classname="com.example.Volume500AllPassedTest" name="run500CasesAllPassed" time="79.692">
    <failure type="java.lang.AssertionError" message="all 500 cases should be accepted (got 403) expected [true] but found [false]">
      <![CDATA[java.lang.AssertionError: all 500 cases should be accepted (got 403) expected [true] but found [false]
at com.example.Volume500AllPassedTest.run500CasesAllPassed(Volume500AllPassedTest.java:80)
at java.base/java.util.ArrayList.forEach(ArrayList.java:1604)
... Removed 32 stack frames]]>
    </failure>
  </testcase> <!-- run500CasesAllPassed -->
  <testcase classname="com.example.Volume1000WithFailuresAndSkipsTest" name="run1000CasesWith149FailuresAnd10Skipped" time="108.45">
    <failure type="java.lang.AssertionError" message="all 1000 events should be accepted (got 697) expected [true] but found [false]">
      <![CDATA[java.lang.AssertionError: all 1000 events should be accepted (got 697) expected [true] but found [false]
at com.example.Volume1000WithFailuresAndSkipsTest.run1000CasesWith149FailuresAnd10Skipped(Volume1000WithFailuresAndSkipsTest.java:147)
at java.base/java.util.ArrayList.forEach(ArrayList.java:1604)
... Removed 32 stack frames]]>
    </failure>
  </testcase> <!-- run1000CasesWith149FailuresAnd10Skipped -->
</testsuite> <!-- volume-replication-suites -->
