<?xml version="1.0" encoding="UTF-8"?>
<!-- Generated by org.testng.reporters.JUnitXMLReporter -->
<testsuite ignored="4" hostname="ANANDTOPU-PC" failures="0" tests="1" name="Surefire test" time="0.096" errors="0" timestamp="2026-05-14T23:22:57 CDT">
  <testcase classname="com.example.SmokeTests" name="checkoutPasses" time="0.048"/>
  <testcase classname="com.example.SmokeTests" name="dashboardLoads" time="0.0">
    <ignored/>
  </testcase> <!-- dashboardLoads -->
  <testcase classname="com.example.SmokeTests" name="parametrisedRow" time="0.0">
    <ignored/>
  </testcase> <!-- parametrisedRow -->
  <testcase classname="com.example.SmokeTests" name="paymentFailsIntentionally" time="0.0">
    <ignored/>
  </testcase> <!-- paymentFailsIntentionally -->
  <testcase classname="com.example.SmokeTests" name="featureFlaggedOff" time="0.0">
    <ignored/>
  </testcase> <!-- featureFlaggedOff -->
</testsuite> <!-- Surefire test -->
