<?xml version="1.0" encoding="UTF-8"?>
<testng-results ignored="0" total="5" passed="3" failed="2" skipped="0">
  <reporter-output>
  </reporter-output>
  <suite started-at="2026-05-18T22:52:44 CDT" name="Realistic Client Examples" finished-at="2026-05-18T23:04:01 CDT" duration-ms="676502">
    <groups>
    </groups>
    <test started-at="2026-05-18T22:52:44 CDT" name="programmatic-client-examples" finished-at="2026-05-18T23:00:27 CDT" duration-ms="462442">
      <class name="com.example.SingleSuiteHundredCasesTest">
        <test-method signature="submitOneSuiteWithHundredCasesAndStepDetails()[pri:0, instance:com.example.SingleSuiteHundredCasesTest@70be0a2b]" started-at="2026-05-18T22:56:35 CDT" name="submitOneSuiteWithHundredCasesAndStepDetails" finished-at="2026-05-18T23:00:27 CDT" duration-ms="231805" status="PASS">
          <reporter-output>
          </reporter-output>
        </test-method> <!-- submitOneSuiteWithHundredCasesAndStepDetails -->
      </class> <!-- com.example.SingleSuiteHundredCasesTest -->
      <class name="com.example.ParallelSuitesWithOneApiKeyTest">
        <test-method signature="runMultipleSuitesInParallelWithOneApiKey()[pri:0, instance:com.example.ParallelSuitesWithOneApiKeyTest@6a01e23]" started-at="2026-05-18T22:52:44 CDT" name="runMultipleSuitesInParallelWithOneApiKey" finished-at="2026-05-18T22:56:35 CDT" duration-ms="230595" status="PASS">
          <reporter-output>
          </reporter-output>
        </test-method> <!-- runMultipleSuitesInParallelWithOneApiKey -->
      </class> <!-- com.example.ParallelSuitesWithOneApiKeyTest -->
    </test> <!-- programmatic-client-examples -->
    <test started-at="2026-05-18T23:00:27 CDT" name="volume-replication-suites" finished-at="2026-05-18T23:04:01 CDT" duration-ms="214019">
      <class name="com.example.Volume100With10FailuresTest">
        <test-method signature="run100CasesWith10Failures()[pri:0, instance:com.example.Volume100With10FailuresTest@49c386c8]" started-at="2026-05-18T23:00:27 CDT" name="run100CasesWith10Failures" finished-at="2026-05-18T23:00:53 CDT" duration-ms="25838" status="PASS">
          <reporter-output>
          </reporter-output>
        </test-method> <!-- run100CasesWith10Failures -->
      </class> <!-- com.example.Volume100With10FailuresTest -->
      <class name="com.example.Volume1000WithFailuresAndSkipsTest">
        <test-method signature="run1000CasesWith149FailuresAnd10Skipped()[pri:0, instance:com.example.Volume1000WithFailuresAndSkipsTest@6e0dec4a]" started-at="2026-05-18T23:02:12 CDT" name="run1000CasesWith149FailuresAnd10Skipped" finished-at="2026-05-18T23:04:01 CDT" duration-ms="108450" status="FAIL">
          <exception class="java.lang.AssertionError">
            <message>
              <![CDATA[all 1000 events should be accepted (got 697) expected [true] but found [false]]]>
            </message>
            <full-stacktrace>
              <![CDATA[java.lang.AssertionError: all 1000 events should be accepted (got 697) expected [true] but found [false]
at org.testng.Assert.fail(Assert.java:111)
at org.testng.Assert.failNotEquals(Assert.java:1578)
at org.testng.Assert.assertTrue(Assert.java:57)
at com.example.Volume1000WithFailuresAndSkipsTest.run1000CasesWith149FailuresAnd10Skipped(Volume1000WithFailuresAndSkipsTest.java:147)
at java.base/jdk.internal.reflect.DirectMethodHandleAccessor.invoke(DirectMethodHandleAccessor.java:104)
at java.base/java.lang.reflect.Method.invoke(Method.java:565)
at org.testng.internal.invokers.MethodInvocationHelper.invokeMethod(MethodInvocationHelper.java:141)
at org.testng.internal.invokers.TestInvoker.invokeMethod(TestInvoker.java:686)
at org.testng.internal.invokers.TestInvoker.invokeTestMethod(TestInvoker.java:230)
at org.testng.internal.invokers.MethodRunner.runInSequence(MethodRunner.java:63)
at org.testng.internal.invokers.TestInvoker$MethodInvocationAgent.invoke(TestInvoker.java:992)
at org.testng.internal.invokers.TestInvoker.invokeTestMethods(TestInvoker.java:203)
at org.testng.internal.invokers.TestMethodWorker.invokeTestMethods(TestMethodWorker.java:154)
at org.testng.internal.invokers.TestMethodWorker.run(TestMethodWorker.java:134)
at java.base/java.util.ArrayList.forEach(ArrayList.java:1604)
at org.testng.TestRunner.privateRun(TestRunner.java:739)
at org.testng.TestRunner.run(TestRunner.java:614)
at org.testng.SuiteRunner.runTest(SuiteRunner.java:421)
at org.testng.SuiteRunner.runSequentially(SuiteRunner.java:413)
at org.testng.SuiteRunner.privateRun(SuiteRunner.java:373)
at org.testng.SuiteRunner.run(SuiteRunner.java:312)
at org.testng.SuiteRunnerWorker.runSuite(SuiteRunnerWorker.java:52)
at org.testng.SuiteRunnerWorker.run(SuiteRunnerWorker.java:95)
at org.testng.TestNG.runSuitesSequentially(TestNG.java:1274)
at org.testng.TestNG.runSuitesLocally(TestNG.java:1208)
at org.testng.TestNG.runSuites(TestNG.java:1112)
at org.testng.TestNG.run(TestNG.java:1079)
at org.apache.maven.surefire.testng.TestNGExecutor.run(TestNGExecutor.java:308)
at org.apache.maven.surefire.testng.TestNGXmlTestSuite.execute(TestNGXmlTestSuite.java:71)
at org.apache.maven.surefire.testng.TestNGProvider.invoke(TestNGProvider.java:113)
at org.apache.maven.surefire.booter.ForkedBooter.runSuitesInProcess(ForkedBooter.java:385)
at org.apache.maven.surefire.booter.ForkedBooter.execute(ForkedBooter.java:162)
at org.apache.maven.surefire.booter.ForkedBooter.run(ForkedBooter.java:507)
at org.apache.maven.surefire.booter.ForkedBooter.main(ForkedBooter.java:495)
]]>
            </full-stacktrace>
          </exception> <!-- java.lang.AssertionError -->
          <reporter-output>
          </reporter-output>
        </test-method> <!-- run1000CasesWith149FailuresAnd10Skipped -->
      </class> <!-- com.example.Volume1000WithFailuresAndSkipsTest -->
      <class name="com.example.Volume500AllPassedTest">
        <test-method signature="run500CasesAllPassed()[pri:0, instance:com.example.Volume500AllPassedTest@56528192]" started-at="2026-05-18T23:00:53 CDT" name="run500CasesAllPassed" finished-at="2026-05-18T23:02:12 CDT" duration-ms="79692" status="FAIL">
          <exception class="java.lang.AssertionError">
            <message>
              <![CDATA[all 500 cases should be accepted (got 403) expected [true] but found [false]]]>
            </message>
            <full-stacktrace>
              <![CDATA[java.lang.AssertionError: all 500 cases should be accepted (got 403) expected [true] but found [false]
at org.testng.Assert.fail(Assert.java:111)
at org.testng.Assert.failNotEquals(Assert.java:1578)
at org.testng.Assert.assertTrue(Assert.java:57)
at com.example.Volume500AllPassedTest.run500CasesAllPassed(Volume500AllPassedTest.java:80)
at java.base/jdk.internal.reflect.DirectMethodHandleAccessor.invoke(DirectMethodHandleAccessor.java:104)
at java.base/java.lang.reflect.Method.invoke(Method.java:565)
at org.testng.internal.invokers.MethodInvocationHelper.invokeMethod(MethodInvocationHelper.java:141)
at org.testng.internal.invokers.TestInvoker.invokeMethod(TestInvoker.java:686)
at org.testng.internal.invokers.TestInvoker.invokeTestMethod(TestInvoker.java:230)
at org.testng.internal.invokers.MethodRunner.runInSequence(MethodRunner.java:63)
at org.testng.internal.invokers.TestInvoker$MethodInvocationAgent.invoke(TestInvoker.java:992)
at org.testng.internal.invokers.TestInvoker.invokeTestMethods(TestInvoker.java:203)
at org.testng.internal.invokers.TestMethodWorker.invokeTestMethods(TestMethodWorker.java:154)
at org.testng.internal.invokers.TestMethodWorker.run(TestMethodWorker.java:134)
at java.base/java.util.ArrayList.forEach(ArrayList.java:1604)
at org.testng.TestRunner.privateRun(TestRunner.java:739)
at org.testng.TestRunner.run(TestRunner.java:614)
at org.testng.SuiteRunner.runTest(SuiteRunner.java:421)
at org.testng.SuiteRunner.runSequentially(SuiteRunner.java:413)
at org.testng.SuiteRunner.privateRun(SuiteRunner.java:373)
at org.testng.SuiteRunner.run(SuiteRunner.java:312)
at org.testng.SuiteRunnerWorker.runSuite(SuiteRunnerWorker.java:52)
at org.testng.SuiteRunnerWorker.run(SuiteRunnerWorker.java:95)
at org.testng.TestNG.runSuitesSequentially(TestNG.java:1274)
at org.testng.TestNG.runSuitesLocally(TestNG.java:1208)
at org.testng.TestNG.runSuites(TestNG.java:1112)
at org.testng.TestNG.run(TestNG.java:1079)
at org.apache.maven.surefire.testng.TestNGExecutor.run(TestNGExecutor.java:308)
at org.apache.maven.surefire.testng.TestNGXmlTestSuite.execute(TestNGXmlTestSuite.java:71)
at org.apache.maven.surefire.testng.TestNGProvider.invoke(TestNGProvider.java:113)
at org.apache.maven.surefire.booter.ForkedBooter.runSuitesInProcess(ForkedBooter.java:385)
at org.apache.maven.surefire.booter.ForkedBooter.execute(ForkedBooter.java:162)
at org.apache.maven.surefire.booter.ForkedBooter.run(ForkedBooter.java:507)
at org.apache.maven.surefire.booter.ForkedBooter.main(ForkedBooter.java:495)
]]>
            </full-stacktrace>
          </exception> <!-- java.lang.AssertionError -->
          <reporter-output>
          </reporter-output>
        </test-method> <!-- run500CasesAllPassed -->
      </class> <!-- com.example.Volume500AllPassedTest -->
    </test> <!-- volume-replication-suites -->
  </suite> <!-- Realistic Client Examples -->
</testng-results>
