<?xml version="1.0" encoding="UTF-8"?>
<testsuite xmlns:xsi="http://www.w3.org/2001/XMLSchema-instance" xsi:noNamespaceSchemaLocation="https://maven.apache.org/surefire/maven-surefire-plugin/xsd/surefire-test-report-3.0.xsd" version="3.0" name="com.example.Volume100With10FailuresTest" time="26.967" tests="1" errors="0" skipped="0" failures="0">
  <properties>
[...]
</properties>
  <testcase name="run100CasesWith10Failures" classname="com.example.Volume100With10FailuresTest" time="26.179">
    <system-out><![CDATA[
============================================================
  Volume100With10FailuresTest — starting simulation
------------------------------------------------------------
  build_id           volume-100-10f-37c218c3
  total_cases        100
  planned passed     90
  planned failed     10
  planned skipped    0
============================================================
  [Volume100With10FailuresTest] progress 25/100  passed=23  failed=2  skipped=0
  [Volume100With10FailuresTest] progress 50/100  passed=45  failed=5  skipped=0
  [Volume100With10FailuresTest] progress 75/100  passed=68  failed=7  skipped=0
  [Volume100With10FailuresTest] progress 100/100  passed=90  failed=10  skipped=0

============================================================
  Volume100With10FailuresTest — simulation summary
------------------------------------------------------------
  build_id           volume-100-10f-37c218c3
  session_id         7531e804-98cf-4baa-8b50-4f7629604976
  run_id             7531e804-98cf-4baa-8b50-4f7629604976
------------------------------------------------------------
  total_cases        100
    PASSED           90
    FAILED           10
    SKIPPED          0
------------------------------------------------------------
  events_sent        100
  events_failed      0
  wall_clock         26.163s
============================================================
]]></system-out>
    <system-err><![CDATA[SLF4J: Failed to load class "org.slf4j.impl.StaticLoggerBinder".
SLF4J: Defaulting to no-operation (NOP) logger implementation
SLF4J: See http://www.slf4j.org/codes.html#StaticLoggerBinder for further details.
May 16, 2026 12:08:24 AM io.testlookup.TestLookupReporter$LiveSession <init>
INFO: TestLookup: session started: 525b8584-0416-4fcf-8098-201e736569f6 run=525b8584-0416-4fcf-8098-201e736569f6
May 16, 2026 12:08:24 AM io.testlookup.testng.TestLookupListener onStart
INFO: TestLookupListener: session started: 525b8584-0416-4fcf-8098-201e736569f6
May 16, 2026 12:08:24 AM io.testlookup.TestLookupReporter$LiveSession <init>
INFO: TestLookup: session started: 7531e804-98cf-4baa-8b50-4f7629604976 run=7531e804-98cf-4baa-8b50-4f7629604976
May 16, 2026 12:08:51 AM io.testlookup.TestLookupReporter closeSession
INFO: TestLookup: session closed: 7531e804-98cf-4baa-8b50-4f7629604976
May 16, 2026 12:08:51 AM io.testlookup.TestLookupReporter$LiveSession close
INFO: TestLookup: session closed: 7531e804-98cf-4baa-8b50-4f7629604976 sent=100 failed=0
]]></system-err>
  </testcase>
</testsuite>