<?xml version="1.0" encoding="UTF-8"?>
<testsuite xmlns:xsi="http://www.w3.org/2001/XMLSchema-instance" xsi:noNamespaceSchemaLocation="https://maven.apache.org/surefire/maven-surefire-plugin/xsd/surefire-test-report-3.0.xsd" version="3.0" name="TestSuite" time="677.491" tests="5" errors="0" skipped="0" failures="2">
  <properties>
[...]
</properties>
  <testcase name="runMultipleSuitesInParallelWithOneApiKey" classname="com.example.ParallelSuitesWithOneApiKeyTest" time="230.596">
    <system-err><![CDATA[SLF4J: Failed to load class "org.slf4j.impl.StaticLoggerBinder".
SLF4J: Defaulting to no-operation (NOP) logger implementation
SLF4J: See http://www.slf4j.org/codes.html#StaticLoggerBinder for further details.
May 18, 2026 10:52:44 PM io.testlookup.TestLookupReporter$LiveSession <init>
INFO: TestLookup: session started: 4379d7bc-9d40-4d70-84b2-1795213b589e run=4379d7bc-9d40-4d70-84b2-1795213b589e
May 18, 2026 10:52:44 PM io.testlookup.testng.TestLookupListener onStart
INFO: TestLookupListener: session started: 4379d7bc-9d40-4d70-84b2-1795213b589e
May 18, 2026 10:52:45 PM io.testlookup.TestLookupReporter$LiveSession <init>
INFO: TestLookup: session started: 5c9a7a19-713a-4351-8713-2df60a73e413 run=5c9a7a19-713a-4351-8713-2df60a73e413
May 18, 2026 10:52:45 PM io.testlookup.TestLookupReporter$LiveSession <init>
INFO: TestLookup: session started: ea89572b-d92b-4fcb-bb5a-2a956b01212c run=ea89572b-d92b-4fcb-bb5a-2a956b01212c
May 18, 2026 10:52:45 PM io.testlookup.TestLookupReporter$LiveSession <init>
INFO: TestLookup: session started: edf021fb-82ff-46cc-8f34-0e57dac409fc run=edf021fb-82ff-46cc-8f34-0e57dac409fc
May 18, 2026 10:52:45 PM io.testlookup.TestLookupReporter$LiveSession <init>
INFO: TestLookup: session started: 567d304b-90a5-4a0e-8fd6-55e47dbd19ac run=567d304b-90a5-4a0e-8fd6-55e47dbd19ac
May 18, 2026 10:55:48 PM io.testlookup.TestLookupReporter closeSession
INFO: TestLookup: session closed: ea89572b-d92b-4fcb-bb5a-2a956b01212c
May 18, 2026 10:55:48 PM io.testlookup.TestLookupReporter$LiveSession close
INFO: TestLookup: session closed: ea89572b-d92b-4fcb-bb5a-2a956b01212c sent=10 failed=0
May 18, 2026 10:56:10 PM io.testlookup.TestLookupReporter closeSession
INFO: TestLookup: session closed: edf021fb-82ff-46cc-8f34-0e57dac409fc
May 18, 2026 10:56:10 PM io.testlookup.TestLookupReporter$LiveSession close
INFO: TestLookup: session closed: edf021fb-82ff-46cc-8f34-0e57dac409fc sent=10 failed=0
May 18, 2026 10:56:22 PM io.testlookup.TestLookupReporter closeSession
INFO: TestLookup: session closed: 567d304b-90a5-4a0e-8fd6-55e47dbd19ac
May 18, 2026 10:56:22 PM io.testlookup.TestLookupReporter$LiveSession close
INFO: TestLookup: session closed: 567d304b-90a5-4a0e-8fd6-55e47dbd19ac sent=9 failed=0
May 18, 2026 10:56:35 PM io.testlookup.TestLookupReporter closeSession
INFO: TestLookup: session closed: 5c9a7a19-713a-4351-8713-2df60a73e413
May 18, 2026 10:56:35 PM io.testlookup.TestLookupReporter$LiveSession close
INFO: TestLookup: session closed: 5c9a7a19-713a-4351-8713-2df60a73e413 sent=10 failed=0
]]></system-err>
  </testcase>
  <testcase name="submitOneSuiteWithHundredCasesAndStepDetails" classname="com.example.SingleSuiteHundredCasesTest" time="231.793">
    <system-err><![CDATA[May 18, 2026 10:56:35 PM io.testlookup.TestLookupReporter$LiveSession <init>
INFO: TestLookup: session started: 20997332-e51c-4330-afb4-fd20f9ec08c6 run=20997332-e51c-4330-afb4-fd20f9ec08c6
May 18, 2026 11:00:27 PM io.testlookup.TestLookupReporter closeSession
INFO: TestLookup: session closed: 20997332-e51c-4330-afb4-fd20f9ec08c6
May 18, 2026 11:00:27 PM io.testlookup.TestLookupReporter$LiveSession close
INFO: TestLookup: session closed: 20997332-e51c-4330-afb4-fd20f9ec08c6 sent=100 failed=0
]]></system-err>
  </testcase>
  <testcase name="run100CasesWith10Failures" classname="com.example.Volume100With10FailuresTest" time="25.844">
    <system-out><![CDATA[
============================================================
  Volume100With10FailuresTest — starting simulation
------------------------------------------------------------
  build_id           volume-100-10f-af8115dc
  total_cases        100
  planned passed     90
  planned failed     10
  planned skipped    0
============================================================
  [Volume100With10FailuresTest] progress 25/100  passed=23  failed=2  skipped=0
  [Volume100With10FailuresTest] progress 50/100  passed=45  failed=5  skipped=0
  [Volume100With10FailuresTest] progress 75/100  passed=68  failed=7  skipped=0
  [Volume100With10FailuresTest] progress 100/100  passed=90  failed=10  skipped=0

============================================================
  Volume100With10FailuresTest — simulation summary
------------------------------------------------------------
  build_id           volume-100-10f-af8115dc
  session_id         98779d60-4247-4c51-b8c9-93469966fc81
  run_id             98779d60-4247-4c51-b8c9-93469966fc81
------------------------------------------------------------
  total_cases        100
    PASSED           90
    FAILED           10
    SKIPPED          0
------------------------------------------------------------
  events_sent        100
  events_failed      0
  wall_clock         25.823s
============================================================
]]></system-out>
    <system-err><![CDATA[May 18, 2026 11:00:27 PM io.testlookup.TestLookupReporter$LiveSession <init>
INFO: TestLookup: session started: 98779d60-4247-4c51-b8c9-93469966fc81 run=98779d60-4247-4c51-b8c9-93469966fc81
May 18, 2026 11:00:53 PM io.testlookup.TestLookupReporter closeSession
INFO: TestLookup: session closed: 98779d60-4247-4c51-b8c9-93469966fc81
May 18, 2026 11:00:53 PM io.testlookup.TestLookupReporter$LiveSession close
INFO: TestLookup: session closed: 98779d60-4247-4c51-b8c9-93469966fc81 sent=100 failed=0
]]></system-err>
  </testcase>
  <testcase name="run500CasesAllPassed" classname="com.example.Volume500AllPassedTest" time="79.71">
    <failure message="all 500 cases should be accepted (got 403) expected [true] but found [false]" type="java.lang.AssertionError"><![CDATA[java.lang.AssertionError: all 500 cases should be accepted (got 403) expected [true] but found [false]
	at org.testng.Assert.fail(Assert.java:111)
	at org.testng.Assert.failNotEquals(Assert.java:1578)
	at org.testng.Assert.assertTrue(Assert.java:57)
	at com.example.Volume500AllPassedTest.run500CasesAllPassed(Volume500AllPassedTest.java:80)
	at java.base/jdk.internal.reflect.DirectMethodHandleAccessor.invoke(DirectMethodHandleAccessor.java:104)
	at java.base/java.lang.reflect.Method.invoke(Method.java:565)
	at org.testng.internal.invokers.MethodInvocationHelper.invokeMethod(MethodInvocationHelper.java:141)
	at org.testng.internal.invokers.TestInvoker.invokeMethod(TestInvoker.java:686)
	at org.testng.internal.invokers.TestInvoker.invokeTestMethod(TestInvoker.java:230)
	at org.testng.internal.invokers.MethodRunner.runInSequence(MethodRunner.java:63)
	at org.testng.internal.invokers.TestInvoker$MethodInvocationAgent.invoke(TestInvoker.java:992)
	at org.testng.internal.invokers.TestInvoker.invokeTestMethods(TestInvoker.java:203)
	at org.testng.internal.invokers.TestMethodWorker.invokeTestMethods(TestMethodWorker.java:154)
	at org.testng.internal.invokers.TestMethodWorker.run(TestMethodWorker.java:134)
	at java.base/java.util.ArrayList.forEach(ArrayList.java:1604)
	at org.testng.TestRunner.privateRun(TestRunner.java:739)
	at org.testng.TestRunner.run(TestRunner.java:614)
	at org.testng.SuiteRunner.runTest(SuiteRunner.java:421)
	at org.testng.SuiteRunner.runSequentially(SuiteRunner.java:413)
	at org.testng.SuiteRunner.privateRun(SuiteRunner.java:373)
	at org.testng.SuiteRunner.run(SuiteRunner.java:312)
	at org.testng.SuiteRunnerWorker.runSuite(SuiteRunnerWorker.java:52)
	at org.testng.SuiteRunnerWorker.run(SuiteRunnerWorker.java:95)
	at org.testng.TestNG.runSuitesSequentially(TestNG.java:1274)
	at org.testng.TestNG.runSuitesLocally(TestNG.java:1208)
	at org.testng.TestNG.runSuites(TestNG.java:1112)
	at org.testng.TestNG.run(TestNG.java:1079)
	at org.apache.maven.surefire.testng.TestNGExecutor.run(TestNGExecutor.java:308)
	at org.apache.maven.surefire.testng.TestNGXmlTestSuite.execute(TestNGXmlTestSuite.java:71)
	at org.apache.maven.surefire.testng.TestNGProvider.invoke(TestNGProvider.java:113)
	at org.apache.maven.surefire.booter.ForkedBooter.runSuitesInProcess(ForkedBooter.java:385)
	at org.apache.maven.surefire.booter.ForkedBooter.execute(ForkedBooter.java:162)
	at org.apache.maven.surefire.booter.ForkedBooter.run(ForkedBooter.java:507)
	at org.apache.maven.surefire.booter.ForkedBooter.main(ForkedBooter.java:495)
]]></failure>
    <system-out><![CDATA[
============================================================
  Volume500AllPassedTest — starting simulation
------------------------------------------------------------
  build_id           volume-500-pass-429849ec
  total_cases        500
  planned passed     500
  planned failed     0
  planned skipped    0
============================================================
  [Volume500AllPassedTest] progress 100/500  passed=100  failed=0  skipped=0
  [Volume500AllPassedTest] progress 200/500  passed=200  failed=0  skipped=0
  [Volume500AllPassedTest] progress 300/500  passed=300  failed=0  skipped=0
  [Volume500AllPassedTest] progress 400/500  passed=400  failed=0  skipped=0
  [Volume500AllPassedTest] progress 500/500  passed=500  failed=0  skipped=0

============================================================
  Volume500AllPassedTest — simulation summary
------------------------------------------------------------
  build_id           volume-500-pass-429849ec
  session_id         17b67479-5835-4a49-bfd9-c64eb46e6837
  run_id             17b67479-5835-4a49-bfd9-c64eb46e6837
------------------------------------------------------------
  total_cases        500
    PASSED           500
    FAILED           0
    SKIPPED          0
------------------------------------------------------------
  events_sent        403
  events_failed      97
  wall_clock         1m 19.682s
============================================================
]]></system-out>
    <system-err><![CDATA[May 18, 2026 11:00:53 PM io.testlookup.TestLookupReporter$LiveSession <init>
INFO: TestLookup: session started: 17b67479-5835-4a49-bfd9-c64eb46e6837 run=17b67479-5835-4a49-bfd9-c64eb46e6837
May 18, 2026 11:01:32 PM io.testlookup.TestLookupReporter$LiveSession postBatch
WARNING: TestLookup: batch attempt 1 failed, retrying in 500ms
May 18, 2026 11:01:32 PM io.testlookup.TestLookupReporter$LiveSession postBatch
WARNING: TestLookup: batch attempt 2 failed, retrying in 1000ms
May 18, 2026 11:01:33 PM io.testlookup.TestLookupReporter$LiveSession postBatch
WARNING: TestLookup: batch attempt 3 failed, retrying in 2000ms
May 18, 2026 11:01:35 PM io.testlookup.TestLookupReporter$LiveSession postBatch
WARNING: TestLookup: batch attempt 4 failed, retrying in 4000ms
May 18, 2026 11:01:39 PM io.testlookup.TestLookupReporter$LiveSession postBatch
SEVERE: TestLookup: batch POST failed after 5 attempts (1 events lost): HTTP 429: {"detail":"Ingest rate limit exceeded for this project (205/200 batches in the current minute). Retry in 21s."}
May 18, 2026 11:01:39 PM io.testlookup.TestLookupReporter$LiveSession postBatch
WARNING: TestLookup: batch attempt 1 failed, retrying in 500ms
May 18, 2026 11:01:40 PM io.testlookup.TestLookupReporter$LiveSession postBatch
WARNING: TestLookup: batch attempt 2 failed, retrying in 1000ms
May 18, 2026 11:01:41 PM io.testlookup.TestLookupReporter$LiveSession postBatch
WARNING: TestLookup: batch attempt 3 failed, retrying in 2000ms
May 18, 2026 11:01:43 PM io.testlookup.TestLookupReporter$LiveSession postBatch
WARNING: TestLookup: batch attempt 4 failed, retrying in 4000ms
May 18, 2026 11:01:47 PM io.testlookup.TestLookupReporter$LiveSession postBatch
SEVERE: TestLookup: batch POST failed after 5 attempts (48 events lost): HTTP 429: {"detail":"Ingest rate limit exceeded for this project (210/200 batches in the current minute). Retry in 13s."}
May 18, 2026 11:01:47 PM io.testlookup.TestLookupReporter$LiveSession postBatch
WARNING: TestLookup: batch attempt 1 failed, retrying in 500ms
May 18, 2026 11:01:47 PM io.testlookup.TestLookupReporter$LiveSession postBatch
WARNING: TestLookup: batch attempt 2 failed, retrying in 1000ms
May 18, 2026 11:01:49 PM io.testlookup.TestLookupReporter$LiveSession postBatch
WARNING: TestLookup: batch attempt 3 failed, retrying in 2000ms
May 18, 2026 11:01:51 PM io.testlookup.TestLookupReporter$LiveSession postBatch
WARNING: TestLookup: batch attempt 4 failed, retrying in 4000ms
May 18, 2026 11:01:55 PM io.testlookup.TestLookupReporter$LiveSession postBatch
SEVERE: TestLookup: batch POST failed after 5 attempts (48 events lost): HTTP 429: {"detail":"Ingest rate limit exceeded for this project (215/200 batches in the current minute). Retry in 5s."}
May 18, 2026 11:01:55 PM io.testlookup.TestLookupReporter$LiveSession postBatch
WARNING: TestLookup: batch attempt 1 failed, retrying in 500ms
May 18, 2026 11:01:55 PM io.testlookup.TestLookupReporter$LiveSession postBatch
WARNING: TestLookup: batch attempt 2 failed, retrying in 1000ms
May 18, 2026 11:01:56 PM io.testlookup.TestLookupReporter$LiveSession postBatch
WARNING: TestLookup: batch attempt 3 failed, retrying in 2000ms
May 18, 2026 11:01:58 PM io.testlookup.TestLookupReporter$LiveSession postBatch
WARNING: TestLookup: batch attempt 4 failed, retrying in 4000ms
May 18, 2026 11:02:12 PM io.testlookup.TestLookupReporter closeSession
INFO: TestLookup: session closed: 17b67479-5835-4a49-bfd9-c64eb46e6837
May 18, 2026 11:02:12 PM io.testlookup.TestLookupReporter$LiveSession close
INFO: TestLookup: session closed: 17b67479-5835-4a49-bfd9-c64eb46e6837 sent=403 failed=97
]]></system-err>
  </testcase>
  <testcase name="run1000CasesWith149FailuresAnd10Skipped" classname="com.example.Volume1000WithFailuresAndSkipsTest" time="108.465">
    <failure message="all 1000 events should be accepted (got 697) expected [true] but found [false]" type="java.lang.AssertionError"><![CDATA[java.lang.AssertionError: all 1000 events should be accepted (got 697) expected [true] but found [false]
	at org.testng.Assert.fail(Assert.java:111)
	at org.testng.Assert.failNotEquals(Assert.java:1578)
	at org.testng.Assert.assertTrue(Assert.java:57)
	at com.example.Volume1000WithFailuresAndSkipsTest.run1000CasesWith149FailuresAnd10Skipped(Volume1000WithFailuresAndSkipsTest.java:147)
	at java.base/jdk.internal.reflect.DirectMethodHandleAccessor.invoke(DirectMethodHandleAccessor.java:104)
	at java.base/java.lang.reflect.Method.invoke(Method.java:565)
	at org.testng.internal.invokers.MethodInvocationHelper.invokeMethod(MethodInvocationHelper.java:141)
	at org.testng.internal.invokers.TestInvoker.invokeMethod(TestInvoker.java:686)
	at org.testng.internal.invokers.TestInvoker.invokeTestMethod(TestInvoker.java:230)
	at org.testng.internal.invokers.MethodRunner.runInSequence(MethodRunner.java:63)
	at org.testng.internal.invokers.TestInvoker$MethodInvocationAgent.invoke(TestInvoker.java:992)
	at org.testng.internal.invokers.TestInvoker.invokeTestMethods(TestInvoker.java:203)
	at org.testng.internal.invokers.TestMethodWorker.invokeTestMethods(TestMethodWorker.java:154)
	at org.testng.internal.invokers.TestMethodWorker.run(TestMethodWorker.java:134)
	at java.base/java.util.ArrayList.forEach(ArrayList.java:1604)
	at org.testng.TestRunner.privateRun(TestRunner.java:739)
	at org.testng.TestRunner.run(TestRunner.java:614)
	at org.testng.SuiteRunner.runTest(SuiteRunner.java:421)
	at org.testng.SuiteRunner.runSequentially(SuiteRunner.java:413)
	at org.testng.SuiteRunner.privateRun(SuiteRunner.java:373)
	at org.testng.SuiteRunner.run(SuiteRunner.java:312)
	at org.testng.SuiteRunnerWorker.runSuite(SuiteRunnerWorker.java:52)
	at org.testng.SuiteRunnerWorker.run(SuiteRunnerWorker.java:95)
	at org.testng.TestNG.runSuitesSequentially(TestNG.java:1274)
	at org.testng.TestNG.runSuitesLocally(TestNG.java:1208)
	at org.testng.TestNG.runSuites(TestNG.java:1112)
	at org.testng.TestNG.run(TestNG.java:1079)
	at org.apache.maven.surefire.testng.TestNGExecutor.run(TestNGExecutor.java:308)
	at org.apache.maven.surefire.testng.TestNGXmlTestSuite.execute(TestNGXmlTestSuite.java:71)
	at org.apache.maven.surefire.testng.TestNGProvider.invoke(TestNGProvider.java:113)
	at org.apache.maven.surefire.booter.ForkedBooter.runSuitesInProcess(ForkedBooter.java:385)
	at org.apache.maven.surefire.booter.ForkedBooter.execute(ForkedBooter.java:162)
	at org.apache.maven.surefire.booter.ForkedBooter.run(ForkedBooter.java:507)
	at org.apache.maven.surefire.booter.ForkedBooter.main(ForkedBooter.java:495)
]]></failure>
    <system-out><![CDATA[
============================================================
  Volume1000WithFailuresAndSkipsTest — starting simulation
------------------------------------------------------------
  build_id           volume-1000-mixed-c132b814
  total_cases        1000
  planned passed     841
  planned failed     149
  planned skipped    10
============================================================
  [Volume1000WithFailuresAndSkipsTest] progress 100/1000  passed=84  failed=15  skipped=1
  [Volume1000WithFailuresAndSkipsTest] progress 200/1000  passed=168  failed=30  skipped=2
  [Volume1000WithFailuresAndSkipsTest] progress 300/1000  passed=252  failed=45  skipped=3
  [Volume1000WithFailuresAndSkipsTest] progress 400/1000  passed=336  failed=60  skipped=4
  [Volume1000WithFailuresAndSkipsTest] progress 500/1000  passed=420  failed=75  skipped=5
  [Volume1000WithFailuresAndSkipsTest] progress 600/1000  passed=504  failed=90  skipped=6
  [Volume1000WithFailuresAndSkipsTest] progress 700/1000  passed=588  failed=105  skipped=7
  [Volume1000WithFailuresAndSkipsTest] progress 800/1000  passed=672  failed=120  skipped=8
  [Volume1000WithFailuresAndSkipsTest] progress 900/1000  passed=756  failed=135  skipped=9
  [Volume1000WithFailuresAndSkipsTest] progress 1000/1000  passed=841  failed=149  skipped=10

============================================================
  Volume1000WithFailuresAndSkipsTest — simulation summary
------------------------------------------------------------
  build_id           volume-1000-mixed-c132b814
  session_id         0522109d-6d2b-4615-85cd-bc343722ca93
  run_id             0522109d-6d2b-4615-85cd-bc343722ca93
------------------------------------------------------------
  total_cases        1000
    PASSED           841
    FAILED           149
    SKIPPED          10
------------------------------------------------------------
  events_sent        697
  events_failed      303
  wall_clock         1m 48.450s
============================================================
]]></system-out>
    <system-err><![CDATA[May 18, 2026 11:02:13 PM io.testlookup.TestLookupReporter$LiveSession <init>
INFO: TestLookup: session started: 0522109d-6d2b-4615-85cd-bc343722ca93 run=0522109d-6d2b-4615-85cd-bc343722ca93
May 18, 2026 11:02:27 PM io.testlookup.TestLookupReporter$LiveSession postBatch
WARNING: TestLookup: batch attempt 1 failed, retrying in 500ms
May 18, 2026 11:02:28 PM io.testlookup.TestLookupReporter$LiveSession postBatch
WARNING: TestLookup: batch attempt 2 failed, retrying in 1000ms
May 18, 2026 11:02:29 PM io.testlookup.TestLookupReporter$LiveSession postBatch
WARNING: TestLookup: batch attempt 3 failed, retrying in 2000ms
May 18, 2026 11:02:31 PM io.testlookup.TestLookupReporter$LiveSession postBatch
WARNING: TestLookup: batch attempt 4 failed, retrying in 4000ms
May 18, 2026 11:02:35 PM io.testlookup.TestLookupReporter$LiveSession postBatch
SEVERE: TestLookup: batch POST failed after 5 attempts (1 events lost): HTTP 429: {"detail":"Ingest rate limit exceeded for this project (205/200 batches in the current minute). Retry in 25s."}
May 18, 2026 11:02:35 PM io.testlookup.TestLookupReporter$LiveSession postBatch
WARNING: TestLookup: batch attempt 1 failed, retrying in 500ms
May 18, 2026 11:02:35 PM io.testlookup.TestLookupReporter$LiveSession postBatch
WARNING: TestLookup: batch attempt 2 failed, retrying in 1000ms
May 18, 2026 11:02:36 PM io.testlookup.TestLookupReporter$LiveSession postBatch
WARNING: TestLookup: batch attempt 3 failed, retrying in 2000ms
May 18, 2026 11:02:39 PM io.testlookup.TestLookupReporter$LiveSession postBatch
WARNING: TestLookup: batch attempt 4 failed, retrying in 4000ms
May 18, 2026 11:02:43 PM io.testlookup.TestLookupReporter$LiveSession postBatch
SEVERE: TestLookup: batch POST failed after 5 attempts (50 events lost): HTTP 429: {"detail":"Ingest rate limit exceeded for this project (210/200 batches in the current minute). Retry in 17s."}
May 18, 2026 11:02:43 PM io.testlookup.TestLookupReporter$LiveSession postBatch
WARNING: TestLookup: batch attempt 1 failed, retrying in 500ms
May 18, 2026 11:02:43 PM io.testlookup.TestLookupReporter$LiveSession postBatch
WARNING: TestLookup: batch attempt 2 failed, retrying in 1000ms
May 18, 2026 11:02:44 PM io.testlookup.TestLookupReporter$LiveSession postBatch
WARNING: TestLookup: batch attempt 3 failed, retrying in 2000ms
May 18, 2026 11:02:46 PM io.testlookup.TestLookupReporter$LiveSession postBatch
WARNING: TestLookup: batch attempt 4 failed, retrying in 4000ms
May 18, 2026 11:02:50 PM io.testlookup.TestLookupReporter$LiveSession postBatch
SEVERE: TestLookup: batch POST failed after 5 attempts (50 events lost): HTTP 429: {"detail":"Ingest rate limit exceeded for this project (215/200 batches in the current minute). Retry in 10s."}
May 18, 2026 11:02:50 PM io.testlookup.TestLookupReporter$LiveSession postBatch
WARNING: TestLookup: batch attempt 1 failed, retrying in 500ms
May 18, 2026 11:02:51 PM io.testlookup.TestLookupReporter$LiveSession postBatch
WARNING: TestLookup: batch attempt 2 failed, retrying in 1000ms
May 18, 2026 11:02:52 PM io.testlookup.TestLookupReporter$LiveSession postBatch
WARNING: TestLookup: batch attempt 3 failed, retrying in 2000ms
May 18, 2026 11:02:54 PM io.testlookup.TestLookupReporter$LiveSession postBatch
WARNING: TestLookup: batch attempt 4 failed, retrying in 4000ms
May 18, 2026 11:02:58 PM io.testlookup.TestLookupReporter$LiveSession postBatch
SEVERE: TestLookup: batch POST failed after 5 attempts (50 events lost): HTTP 429: {"detail":"Ingest rate limit exceeded for this project (220/200 batches in the current minute). Retry in 2s."}
May 18, 2026 11:02:58 PM io.testlookup.TestLookupReporter$LiveSession postBatch
WARNING: TestLookup: batch attempt 1 failed, retrying in 500ms
May 18, 2026 11:02:58 PM io.testlookup.TestLookupReporter$LiveSession postBatch
WARNING: TestLookup: batch attempt 2 failed, retrying in 1000ms
May 18, 2026 11:02:59 PM io.testlookup.TestLookupReporter$LiveSession postBatch
WARNING: TestLookup: batch attempt 3 failed, retrying in 2000ms
May 18, 2026 11:03:23 PM io.testlookup.TestLookupReporter$LiveSession postBatch
WARNING: TestLookup: batch attempt 1 failed, retrying in 500ms
May 18, 2026 11:03:23 PM io.testlookup.TestLookupReporter$LiveSession postBatch
WARNING: TestLookup: batch attempt 2 failed, retrying in 1000ms
May 18, 2026 11:03:24 PM io.testlookup.TestLookupReporter$LiveSession postBatch
WARNING: TestLookup: batch attempt 3 failed, retrying in 2000ms
May 18, 2026 11:03:26 PM io.testlookup.TestLookupReporter$LiveSession postBatch
WARNING: TestLookup: batch attempt 4 failed, retrying in 4000ms
May 18, 2026 11:03:30 PM io.testlookup.TestLookupReporter$LiveSession postBatch
SEVERE: TestLookup: batch POST failed after 5 attempts (2 events lost): HTTP 429: {"detail":"Ingest rate limit exceeded for this project (205/200 batches in the current minute). Retry in 29s."}
May 18, 2026 11:03:30 PM io.testlookup.TestLookupReporter$LiveSession postBatch
WARNING: TestLookup: batch attempt 1 failed, retrying in 500ms
May 18, 2026 11:03:31 PM io.testlookup.TestLookupReporter$LiveSession postBatch
WARNING: TestLookup: batch attempt 2 failed, retrying in 1000ms
May 18, 2026 11:03:32 PM io.testlookup.TestLookupReporter$LiveSession postBatch
WARNING: TestLookup: batch attempt 3 failed, retrying in 2000ms
May 18, 2026 11:03:34 PM io.testlookup.TestLookupReporter$LiveSession postBatch
WARNING: TestLookup: batch attempt 4 failed, retrying in 4000ms
May 18, 2026 11:03:38 PM io.testlookup.TestLookupReporter$LiveSession postBatch
SEVERE: TestLookup: batch POST failed after 5 attempts (50 events lost): HTTP 429: {"detail":"Ingest rate limit exceeded for this project (210/200 batches in the current minute). Retry in 22s."}
May 18, 2026 11:03:38 PM io.testlookup.TestLookupReporter$LiveSession postBatch
WARNING: TestLookup: batch attempt 1 failed, retrying in 500ms
May 18, 2026 11:03:39 PM io.testlookup.TestLookupReporter$LiveSession postBatch
WARNING: TestLookup: batch attempt 2 failed, retrying in 1000ms
May 18, 2026 11:03:40 PM io.testlookup.TestLookupReporter$LiveSession postBatch
WARNING: TestLookup: batch attempt 3 failed, retrying in 2000ms
May 18, 2026 11:03:42 PM io.testlookup.TestLookupReporter$LiveSession postBatch
WARNING: TestLookup: batch attempt 4 failed, retrying in 4000ms
May 18, 2026 11:03:46 PM io.testlookup.TestLookupReporter$LiveSession postBatch
SEVERE: TestLookup: batch POST failed after 5 attempts (50 events lost): HTTP 429: {"detail":"Ingest rate limit exceeded for this project (215/200 batches in the current minute). Retry in 14s."}
May 18, 2026 11:03:46 PM io.testlookup.TestLookupReporter$LiveSession postBatch
WARNING: TestLookup: batch attempt 1 failed, retrying in 500ms
May 18, 2026 11:03:46 PM io.testlookup.TestLookupReporter$LiveSession postBatch
WARNING: TestLookup: batch attempt 2 failed, retrying in 1000ms
May 18, 2026 11:03:47 PM io.testlookup.TestLookupReporter$LiveSession postBatch
WARNING: TestLookup: batch attempt 3 failed, retrying in 2000ms
May 18, 2026 11:03:49 PM io.testlookup.TestLookupReporter$LiveSession postBatch
WARNING: TestLookup: batch attempt 4 failed, retrying in 4000ms
May 18, 2026 11:03:53 PM io.testlookup.TestLookupReporter$LiveSession postBatch
SEVERE: TestLookup: batch POST failed after 5 attempts (50 events lost): HTTP 429: {"detail":"Ingest rate limit exceeded for this project (220/200 batches in the current minute). Retry in 7s."}
May 18, 2026 11:03:53 PM io.testlookup.TestLookupReporter$LiveSession postBatch
WARNING: TestLookup: batch attempt 1 failed, retrying in 500ms
May 18, 2026 11:03:54 PM io.testlookup.TestLookupReporter$LiveSession postBatch
WARNING: TestLookup: batch attempt 2 failed, retrying in 1000ms
May 18, 2026 11:03:55 PM io.testlookup.TestLookupReporter$LiveSession postBatch
WARNING: TestLookup: batch attempt 3 failed, retrying in 2000ms
May 18, 2026 11:03:57 PM io.testlookup.TestLookupReporter$LiveSession postBatch
WARNING: TestLookup: batch attempt 4 failed, retrying in 4000ms
May 18, 2026 11:04:01 PM io.testlookup.TestLookupReporter closeSession
INFO: TestLookup: session closed: 0522109d-6d2b-4615-85cd-bc343722ca93
May 18, 2026 11:04:01 PM io.testlookup.TestLookupReporter$LiveSession close
INFO: TestLookup: session closed: 0522109d-6d2b-4615-85cd-bc343722ca93 sent=697 failed=303
]]></system-err>
  </testcase>
</testsuite>