<?xml version="1.0" encoding="UTF-8"?>
<testsuite xmlns:xsi="http://www.w3.org/2001/XMLSchema-instance" xsi:noNamespaceSchemaLocation="https://maven.apache.org/surefire/maven-surefire-plugin/xsd/surefire-test-report-3.0.xsd" version="3.0" name="com.example.SmokeTests" time="0.775" tests="1" errors="0" skipped="0" failures="0">
  <properties>
[...]
</properties>
  <testcase name="checkoutPasses" classname="com.example.SmokeTests" time="0.047">
    <system-err><![CDATA[SLF4J: Failed to load class "org.slf4j.impl.StaticLoggerBinder".
SLF4J: Defaulting to no-operation (NOP) logger implementation
SLF4J: See http://www.slf4j.org/codes.html#StaticLoggerBinder for further details.
May 14, 2026 11:22:57 PM io.testlookup.testng.TestLookupListener onStart
WARNING: TestLookupListener: disabled — Request failed (ConnectException: Permission denied: getsockopt): http://testlookup.local/api/v1/stream/sessions
]]></system-err>
  </testcase>
</testsuite>