<?xml version="1.0" encoding="UTF-8"?>
<testng-results ignored="0" total="8" passed="7" failed="1" skipped="0">
  <reporter-output>
  </reporter-output>
  <suite started-at="2026-05-18T23:10:07 CDT" name="Smoke Suite" finished-at="2026-05-18T23:10:07 CDT" duration-ms="301">
    <groups>
    </groups>
    <test started-at="2026-05-18T23:10:07 CDT" name="smoke" finished-at="2026-05-18T23:10:07 CDT" duration-ms="301">
      <class name="com.example.SmokeTests">
        <test-method signature="checkoutPasses()[pri:0, instance:com.example.SmokeTests@78e94dcf]" started-at="2026-05-18T23:10:07 CDT" name="checkoutPasses" finished-at="2026-05-18T23:10:07 CDT" duration-ms="46" status="PASS">
          <reporter-output>
          </reporter-output>
        </test-method> <!-- checkoutPasses -->
        <test-method signature="dashboardLoads()[pri:0, instance:com.example.SmokeTests@78e94dcf]" started-at="2026-05-18T23:10:07 CDT" name="dashboardLoads" finished-at="2026-05-18T23:10:07 CDT" duration-ms="122" status="PASS">
          <reporter-output>
          </reporter-output>
        </test-method> <!-- dashboardLoads -->
        <test-method signature="parametrisedRow(int)[pri:0, instance:com.example.SmokeTests@78e94dcf]" started-at="2026-05-18T23:10:07 CDT" name="parametrisedRow" data-provider="items" finished-at="2026-05-18T23:10:07 CDT" duration-ms="5" status="PASS">
          <params>
            <param index="0">
              <value>
                <![CDATA[1]]>
              </value>
            </param>
          </params>
          <reporter-output>
          </reporter-output>
        </test-method> <!-- parametrisedRow -->
        <test-method signature="parametrisedRow(int)[pri:0, instance:com.example.SmokeTests@78e94dcf]" started-at="2026-05-18T23:10:07 CDT" name="parametrisedRow" data-provider="items" finished-at="2026-05-18T23:10:07 CDT" duration-ms="0" status="PASS">
          <params>
            <param index="0">
              <value>
                <![CDATA[2]]>
              </value>
            </param>
          </params>
          <reporter-output>
          </reporter-output>
        </test-method> <!-- parametrisedRow -->
        <test-method signature="parametrisedRow(int)[pri:0, instance:com.example.SmokeTests@78e94dcf]" started-at="2026-05-18T23:10:07 CDT" name="parametrisedRow" data-provider="items" finished-at="2026-05-18T23:10:07 CDT" duration-ms="1" status="PASS">
          <params>
            <param index="0">
              <value>
                <![CDATA[3]]>
              </value>
            </param>
          </params>
          <reporter-output>
          </reporter-output>
        </test-method> <!-- parametrisedRow -->
        <test-method signature="paymentFailsIntentionally()[pri:0, instance:com.example.SmokeTests@78e94dcf]" started-at="2026-05-18T23:10:07 CDT" name="paymentFailsIntentionally" description="Demonstrates a FAILED status reaching the live UI" finished-at="2026-05-18T23:10:07 CDT" duration-ms="83" status="FAIL">
          <exception class="java.lang.AssertionError">
            <message>
              <![CDATA[expected HTTP 200, got 500 expected [200] but found [500]]]>
            </message>
            <full-stacktrace>
              <![CDATA[java.lang.AssertionError: expected HTTP 200, got 500 expected [200] but found [500]
at org.testng.Assert.fail(Assert.java:111)
at org.testng.Assert.failNotEquals(Assert.java:1578)
at org.testng.Assert.assertEqualsImpl(Assert.java:150)
at org.testng.Assert.assertEquals(Assert.java:132)
at org.testng.Assert.assertEquals(Assert.java:1419)
at org.testng.Assert.assertEquals(Assert.java:1383)
at com.example.SmokeTests.paymentFailsIntentionally(SmokeTests.java:28)
at java.base/jdk.internal.reflect.DirectMethodHandleAccessor.invoke(DirectMethodHandleAccessor.java:104)
at java.base/java.lang.reflect.Method.invoke(Method.java:565)
at org.testng.internal.invokers.MethodInvocationHelper.invokeMethod(MethodInvocationHelper.java:141)
at org.testng.internal.invokers.TestInvoker.invokeMethod(TestInvoker.java:686)
at org.testng.internal.invokers.TestInvoker.invokeTestMethod(TestInvoker.java:230)
at org.testng.internal.invokers.MethodRunner.runInSequence(MethodRunner.java:63)
at org.testng.internal.invokers.TestInvoker$MethodInvocationAgent.invoke(TestInvoker.java:992)
at org.testng.internal.invokers.TestInvoker.invokeTestMethods(TestInvoker.java:203)
at org.testng.internal.invokers.TestMethodWorker.invokeTestMethods(TestMethodWorker.java:154)
at org.testng.internal.invokers.TestMethodWorker.run(TestMethodWorker.java:134)
at java.base/java.util.ArrayList.forEach(ArrayList.java:1604)
at org.testng.TestRunner.privateRun(TestRunner.java:739)
at org.testng.TestRunner.run(TestRunner.java:614)
at org.testng.SuiteRunner.runTest(SuiteRunner.java:421)
at org.testng.SuiteRunner.runSequentially(SuiteRunner.java:413)
at org.testng.SuiteRunner.privateRun(SuiteRunner.java:373)
at org.testng.SuiteRunner.run(SuiteRunner.java:312)
at org.testng.SuiteRunnerWorker.runSuite(SuiteRunnerWorker.java:52)
at org.testng.SuiteRunnerWorker.run(SuiteRunnerWorker.java:95)
at org.testng.TestNG.runSuitesSequentially(TestNG.java:1274)
at org.testng.TestNG.runSuitesLocally(TestNG.java:1208)
at org.testng.TestNG.runSuites(TestNG.java:1112)
at org.testng.TestNG.run(TestNG.java:1079)
at org.apache.maven.surefire.testng.TestNGExecutor.run(TestNGExecutor.java:308)
at org.apache.maven.surefire.testng.TestNGXmlTestSuite.execute(TestNGXmlTestSuite.java:71)
at org.apache.maven.surefire.testng.TestNGProvider.invoke(TestNGProvider.java:113)
at org.apache.maven.surefire.booter.ForkedBooter.runSuitesInProcess(ForkedBooter.java:385)
at org.apache.maven.surefire.booter.ForkedBooter.execute(ForkedBooter.java:162)
at org.apache.maven.surefire.booter.ForkedBooter.run(ForkedBooter.java:507)
at org.apache.maven.surefire.booter.ForkedBooter.main(ForkedBooter.java:495)
]]>
            </full-stacktrace>
          </exception> <!-- java.lang.AssertionError -->
          <reporter-output>
          </reporter-output>
        </test-method> <!-- paymentFailsIntentionally -->
      </class> <!-- com.example.SmokeTests -->
      <class name="com.example.AuthTests">
        <test-method signature="loginWithInvalidCredentialsRejected()[pri:0, instance:com.example.AuthTests@222114ba]" started-at="2026-05-18T23:10:07 CDT" name="loginWithInvalidCredentialsRejected" finished-at="2026-05-18T23:10:07 CDT" duration-ms="0" status="PASS">
          <reporter-output>
          </reporter-output>
        </test-method> <!-- loginWithInvalidCredentialsRejected -->
        <test-method signature="loginWithValidCredentials()[pri:0, instance:com.example.AuthTests@222114ba]" started-at="2026-05-18T23:10:07 CDT" name="loginWithValidCredentials" finished-at="2026-05-18T23:10:07 CDT" duration-ms="0" status="PASS">
          <reporter-output>
          </reporter-output>
        </test-method> <!-- loginWithValidCredentials -->
      </class> <!-- com.example.AuthTests -->
    </test> <!-- smoke -->
  </suite> <!-- Smoke Suite -->
</testng-results>
