<?xml version="1.0" encoding="UTF-8"?>
<!-- Generated by org.testng.reporters.JUnitXMLReporter -->
<testsuite ignored="0" hostname="ANANDTOPU-PC" failures="3" tests="42" name="parallel-execution" time="21.788" errors="0" timestamp="2026-06-06T02:54:35 CDT">
  <testcase classname="com.example.allure.AbstractRegressionScenario" name="TC00030_billing_create_large_payload" time="3.177">
    <skipped/>
  </testcase> <!-- TC00030_billing_create_large_payload -->
  <testcase classname="com.example.allure.AbstractRegressionScenario" name="TC00050_cart_create_large_payload" time="3.183"/>
  <testcase classname="com.example.allure.AbstractRegressionScenario" name="TC00009_auth_create_rate_limited" time="3.372"/>
  <testcase classname="com.example.allure.AbstractRegressionScenario" name="TC00019_accounts_create_rate_limited" time="3.378"/>
  <testcase classname="com.example.allure.AbstractRegressionScenario" name="TC00026_billing_create_idempotency" time="4.105"/>
  <testcase classname="com.example.allure.AbstractRegressionScenario" name="TC00015_accounts_create_concurrent" time="4.335"/>
  <testcase classname="com.example.allure.AbstractRegressionScenario" name="TC00035_catalog_create_concurrent" time="4.355"/>
  <testcase classname="com.example.allure.AbstractRegressionScenario" name="TC00045_cart_create_concurrent" time="4.365"/>
  <testcase classname="com.example.allure.AbstractRegressionScenario" name="TC00029_billing_create_rate_limited" time="3.079">
    <failure type="java.lang.AssertionError" message="expected 2xx but service returned HTTP 400 (case TC00029_billing_create_rate_limited)">
      <![CDATA[java.lang.AssertionError: expected 2xx but service returned HTTP 400 (case TC00029_billing_create_rate_limited)
at com.example.allure.AllureSteps.verifyResponse(AllureSteps.java:38)
at com.example.allure.AbstractRegressionScenario.execute(AbstractRegressionScenario.java:38)
at java.base/java.util.concurrent.Executors$RunnableAdapter.call(Executors.java:545)
at java.base/java.util.concurrent.FutureTask.run(FutureTask.java:328)
at java.base/java.util.concurrent.ThreadPoolExecutor.runWorker(ThreadPoolExecutor.java:1095)
at java.base/java.util.concurrent.ThreadPoolExecutor$Worker.run(ThreadPoolExecutor.java:619)
at java.base/java.lang.Thread.run(Thread.java:1447)
... Removed 12 stack frames]]>
    </failure>
  </testcase> <!-- TC00029_billing_create_rate_limited -->
  <testcase classname="com.example.allure.AbstractRegressionScenario" name="TC00010_auth_create_large_payload" time="2.816"/>
  <testcase classname="com.example.allure.AbstractRegressionScenario" name="TC00020_accounts_create_large_payload" time="2.829"/>
  <testcase classname="com.example.allure.AbstractRegressionScenario" name="TC00036_catalog_create_idempotency" time="3.805"/>
  <testcase classname="com.example.allure.AbstractRegressionScenario" name="TC00056_checkout_create_idempotency" time="3.824"/>
  <testcase classname="com.example.allure.AbstractRegressionScenario" name="TC00053_checkout_create_boundary" time="4.542"/>
  <testcase classname="com.example.allure.AbstractRegressionScenario" name="TC00013_accounts_create_boundary" time="4.501"/>
  <testcase classname="com.example.allure.AbstractRegressionScenario" name="TC00032_catalog_create_edge_case" time="4.759">
    <skipped/>
  </testcase> <!-- TC00032_catalog_create_edge_case -->
  <testcase classname="com.example.allure.AbstractRegressionScenario" name="TC00038_catalog_create_auth_required" time="3.326"/>
  <testcase classname="com.example.allure.AbstractRegressionScenario" name="TC00060_checkout_create_large_payload" time="2.869"/>
  <testcase classname="com.example.allure.AbstractRegressionScenario" name="TC00058_checkout_create_auth_required" time="3.345"/>
  <testcase classname="com.example.allure.AbstractRegressionScenario" name="TC00008_auth_create_auth_required" time="3.299"/>
  <testcase classname="com.example.allure.AbstractRegressionScenario" name="TC00003_auth_create_boundary" time="4.492"/>
  <testcase classname="com.example.allure.AbstractRegressionScenario" name="TC00040_catalog_create_large_payload" time="2.85"/>
  <testcase classname="com.example.allure.AbstractRegressionScenario" name="TC00055_checkout_create_concurrent" time="4.062"/>
  <testcase classname="com.example.allure.AbstractRegressionScenario" name="TC00049_cart_create_rate_limited" time="3.094"/>
  <testcase classname="com.example.allure.AbstractRegressionScenario" name="TC00016_accounts_create_idempotency" time="3.783">
    <skipped/>
  </testcase> <!-- TC00016_accounts_create_idempotency -->
  <testcase classname="com.example.allure.AbstractRegressionScenario" name="TC00059_checkout_create_rate_limited" time="3.106"/>
  <testcase classname="com.example.allure.AbstractRegressionScenario" name="TC00039_catalog_create_rate_limited" time="3.087"/>
  <testcase classname="com.example.allure.AbstractRegressionScenario" name="TC00043_cart_create_boundary" time="4.532"/>
  <testcase classname="com.example.allure.AbstractRegressionScenario" name="TC00033_catalog_create_boundary" time="4.525"/>
  <testcase classname="com.example.allure.AbstractRegressionScenario" name="TC00025_billing_create_concurrent" time="4.032"/>
  <testcase classname="com.example.allure.AbstractRegressionScenario" name="TC00048_cart_create_auth_required" time="3.335"/>
  <testcase classname="com.example.allure.AbstractRegressionScenario" name="TC00042_cart_create_edge_case" time="4.771">
    <skipped/>
  </testcase> <!-- TC00042_cart_create_edge_case -->
  <testcase classname="com.example.allure.AbstractRegressionScenario" name="TC00052_checkout_create_edge_case" time="4.78">
    <failure type="java.lang.AssertionError" message="expected 2xx but service returned HTTP 409 (case TC00052_checkout_create_edge_case)">
      <![CDATA[java.lang.AssertionError: expected 2xx but service returned HTTP 409 (case TC00052_checkout_create_edge_case)
at com.example.allure.AllureSteps.verifyResponse(AllureSteps.java:38)
at com.example.allure.AbstractRegressionScenario.execute(AbstractRegressionScenario.java:38)
at java.base/java.util.concurrent.Executors$RunnableAdapter.call(Executors.java:545)
at java.base/java.util.concurrent.FutureTask.run(FutureTask.java:328)
at java.base/java.util.concurrent.ThreadPoolExecutor.runWorker(ThreadPoolExecutor.java:1095)
at java.base/java.util.concurrent.ThreadPoolExecutor$Worker.run(ThreadPoolExecutor.java:619)
at java.base/java.lang.Thread.run(Thread.java:1447)
... Removed 12 stack frames]]>
    </failure>
  </testcase> <!-- TC00052_checkout_create_edge_case -->
  <testcase classname="com.example.allure.AbstractRegressionScenario" name="TC00012_accounts_create_edge_case" time="4.739"/>
  <testcase classname="com.example.allure.AbstractRegressionScenario" name="TC00006_auth_create_idempotency" time="3.778"/>
  <testcase classname="com.example.allure.AbstractRegressionScenario" name="TC00023_billing_create_boundary" time="4.509">
    <skipped/>
  </testcase> <!-- TC00023_billing_create_boundary -->
  <testcase classname="com.example.allure.AbstractRegressionScenario" name="TC00022_billing_create_edge_case" time="4.746"/>
  <testcase classname="com.example.allure.AbstractRegressionScenario" name="TC00028_billing_create_auth_required" time="3.318">
    <failure type="java.lang.AssertionError" message="expected 2xx but service returned HTTP 422 (case TC00028_billing_create_auth_required)">
      <![CDATA[java.lang.AssertionError: expected 2xx but service returned HTTP 422 (case TC00028_billing_create_auth_required)
at com.example.allure.AllureSteps.verifyResponse(AllureSteps.java:38)
at com.example.allure.AbstractRegressionScenario.execute(AbstractRegressionScenario.java:38)
at java.base/java.util.concurrent.Executors$RunnableAdapter.call(Executors.java:545)
at java.base/java.util.concurrent.FutureTask.run(FutureTask.java:328)
at java.base/java.util.concurrent.ThreadPoolExecutor.runWorker(ThreadPoolExecutor.java:1095)
at java.base/java.util.concurrent.ThreadPoolExecutor$Worker.run(ThreadPoolExecutor.java:619)
at java.base/java.lang.Thread.run(Thread.java:1447)
... Removed 12 stack frames]]>
    </failure>
  </testcase> <!-- TC00028_billing_create_auth_required -->
  <testcase classname="com.example.allure.AbstractRegressionScenario" name="TC00005_auth_create_concurrent" time="4.012"/>
  <testcase classname="com.example.allure.AbstractRegressionScenario" name="TC00002_auth_create_edge_case" time="4.73"/>
  <testcase classname="com.example.allure.AbstractRegressionScenario" name="TC00018_accounts_create_auth_required" time="3.307"/>
  <testcase classname="com.example.allure.AbstractRegressionScenario" name="TC00046_cart_create_idempotency" time="3.812"/>
</testsuite> <!-- parallel-execution -->
