<?xml version="1.0" encoding="UTF-8"?>
<!-- Generated by org.testng.reporters.JUnitXMLReporter -->
<testsuite ignored="0" hostname="ANANDTOPU-PC" failures="1" tests="18" name="sequential-execution" time="17.631" errors="0" timestamp="2026-06-06T02:54:53 CDT">
  <testcase classname="com.example.allure.AbstractRegressionScenario" name="TC00037_catalog_create_pagination" time="0.866"/>
  <testcase classname="com.example.allure.AbstractRegressionScenario" name="TC00021_billing_create_happy_path" time="1.089">
    <skipped/>
  </testcase> <!-- TC00021_billing_create_happy_path -->
  <testcase classname="com.example.allure.AbstractRegressionScenario" name="TC00057_checkout_create_pagination" time="0.885"/>
  <testcase classname="com.example.allure.AbstractRegressionScenario" name="TC00011_accounts_create_happy_path" time="1.079"/>
  <testcase classname="com.example.allure.AbstractRegressionScenario" name="TC00007_auth_create_pagination" time="0.833">
    <skipped/>
  </testcase> <!-- TC00007_auth_create_pagination -->
  <testcase classname="com.example.allure.AbstractRegressionScenario" name="TC00051_checkout_create_happy_path" time="1.118"/>
  <testcase classname="com.example.allure.AbstractRegressionScenario" name="TC00041_cart_create_happy_path" time="1.108">
    <failure type="java.lang.AssertionError" message="expected 2xx but service returned HTTP 502 (case TC00041_cart_create_happy_path)">
      <![CDATA[java.lang.AssertionError: expected 2xx but service returned HTTP 502 (case TC00041_cart_create_happy_path)
at com.example.allure.AllureSteps.verifyResponse(AllureSteps.java:38)
at com.example.allure.AbstractRegressionScenario.execute(AbstractRegressionScenario.java:38)
at java.base/java.util.ArrayList.forEach(ArrayList.java:1604)
... Removed 30 stack frames]]>
    </failure>
  </testcase> <!-- TC00041_cart_create_happy_path -->
  <testcase classname="com.example.allure.AbstractRegressionScenario" name="TC00001_auth_create_happy_path" time="1.07"/>
  <testcase classname="com.example.allure.AbstractRegressionScenario" name="TC00044_cart_create_negative" time="0.992">
    <skipped/>
  </testcase> <!-- TC00044_cart_create_negative -->
  <testcase classname="com.example.allure.AbstractRegressionScenario" name="TC00031_catalog_create_happy_path" time="1.096"/>
  <testcase classname="com.example.allure.AbstractRegressionScenario" name="TC00024_billing_create_negative" time="0.97"/>
  <testcase classname="com.example.allure.AbstractRegressionScenario" name="TC00034_catalog_create_negative" time="0.982"/>
  <testcase classname="com.example.allure.AbstractRegressionScenario" name="TC00004_auth_create_negative" time="0.953"/>
  <testcase classname="com.example.allure.AbstractRegressionScenario" name="TC00054_checkout_create_negative" time="1.001"/>
  <testcase classname="com.example.allure.AbstractRegressionScenario" name="TC00017_accounts_create_pagination" time="0.845"/>
  <testcase classname="com.example.allure.AbstractRegressionScenario" name="TC00027_billing_create_pagination" time="0.857"/>
  <testcase classname="com.example.allure.AbstractRegressionScenario" name="TC00047_cart_create_pagination" time="0.872"/>
  <testcase classname="com.example.allure.AbstractRegressionScenario" name="TC00014_accounts_create_negative" time="0.962"/>
</testsuite> <!-- sequential-execution -->
