<?xml version="1.0" encoding="UTF-8"?>
<!-- Generated by org.testng.reporters.JUnitXMLReporter -->
<testsuite ignored="1" hostname="ANANDTOPU-PC" failures="1" tests="8" name="smoke" time="0.301" errors="0" timestamp="2026-05-18T23:10:07 CDT">
  <testcase classname="com.example.SmokeTests" name="checkoutPasses" time="0.046"/>
  <testcase classname="com.example.SmokeTests" name="dashboardLoads" time="0.122"/>
  <testcase classname="com.example.SmokeTests" name="parametrisedRow" time="0.005"/>
  <testcase classname="com.example.SmokeTests" name="parametrisedRow" time="0.0"/>
  <testcase classname="com.example.SmokeTests" name="parametrisedRow" time="0.001"/>
  <testcase classname="com.example.SmokeTests" name="paymentFailsIntentionally" time="0.083">
    <failure type="java.lang.AssertionError" message="expected HTTP 200, got 500 expected [200] but found [500]">
      <![CDATA[java.lang.AssertionError: expected HTTP 200, got 500 expected [200] but found [500]
at com.example.SmokeTests.paymentFailsIntentionally(SmokeTests.java:28)
at java.base/java.util.ArrayList.forEach(ArrayList.java:1604)
... Removed 35 stack frames]]>
    </failure>
  </testcase> <!-- paymentFailsIntentionally -->
  <testcase classname="com.example.AuthTests" name="loginWithInvalidCredentialsRejected" time="0.0"/>
  <testcase classname="com.example.AuthTests" name="loginWithValidCredentials" time="0.0"/>
  <testcase classname="com.example.SmokeTests" name="featureFlaggedOff" time="0.0">
    <ignored/>
  </testcase> <!-- featureFlaggedOff -->
</testsuite> <!-- smoke -->
