<?xml version="1.0" encoding="UTF-8"?>
<!-- Generated by org.testng.reporters.JUnitReportReporter -->
<testsuite hostname="ANANDTOPU-PC" failures="0" tests="2" name="com.example.AuthTests" time="0.000" errors="0" timestamp="2026-05-18T23:10:07 CDT" skipped="0">
  <testcase classname="com.example.AuthTests" name="loginWithInvalidCredentialsRejected" time="0.000"/>
  <testcase classname="com.example.AuthTests" name="loginWithValidCredentials" time="0.000"/>
</testsuite> <!-- com.example.AuthTests -->
