<?xml version="1.0" encoding="UTF-8"?>
<!-- Generated by org.testng.reporters.JUnitReportReporter -->
<testsuite hostname="ANANDTOPU-PC" failures="3" tests="42" name="com.example.allure.ParallelRegressionScenario" time="160.664" errors="0" timestamp="2026-06-06T02:54:53 CDT" skipped="5">
  <testcase classname="com.example.allure.ParallelRegressionScenario" name="execute" time="4.032"/>
  <testcase classname="com.example.allure.ParallelRegressionScenario" name="execute" time="3.783">
    <skipped/>
  </testcase> <!-- execute -->
  <testcase classname="com.example.allure.ParallelRegressionScenario" name="execute" time="4.730"/>
  <testcase classname="com.example.allure.ParallelRegressionScenario" name="execute" time="3.378"/>
  <testcase classname="com.example.allure.ParallelRegressionScenario" name="execute" time="3.372"/>
  <testcase classname="com.example.allure.ParallelRegressionScenario" name="execute" time="4.532"/>
  <testcase classname="com.example.allure.ParallelRegressionScenario" name="execute" time="4.525"/>
  <testcase classname="com.example.allure.ParallelRegressionScenario" name="execute" time="3.812"/>
  <testcase classname="com.example.allure.ParallelRegressionScenario" name="execute" time="3.824"/>
  <testcase classname="com.example.allure.ParallelRegressionScenario" name="execute" time="3.183"/>
  <testcase classname="com.example.allure.ParallelRegressionScenario" name="execute" time="3.177">
    <skipped/>
  </testcase> <!-- execute -->
  <testcase classname="com.example.allure.ParallelRegressionScenario" name="execute" time="3.318">
    <failure message="expected 2xx but service returned HTTP 422 (case TC00028_billing_create_auth_required)" type="java.lang.AssertionError">
      <![CDATA[java.lang.AssertionError: expected 2xx but service returned HTTP 422 (case TC00028_billing_create_auth_required)
at org.testng.Assert.fail(Assert.java:111)
at com.example.allure.AllureSteps.verifyResponse(AllureSteps.java:38)
at com.example.allure.AbstractRegressionScenario.execute(AbstractRegressionScenario.java:38)
at java.base/jdk.internal.reflect.DirectMethodHandleAccessor.invoke(DirectMethodHandleAccessor.java:104)
at java.base/java.lang.reflect.Method.invoke(Method.java:565)
at org.testng.internal.invokers.MethodInvocationHelper.invokeMethod(MethodInvocationHelper.java:141)
at org.testng.internal.invokers.TestInvoker.invokeMethod(TestInvoker.java:686)
at org.testng.internal.invokers.TestInvoker.invokeTestMethod(TestInvoker.java:230)
at org.testng.internal.invokers.MethodRunner.runInSequence(MethodRunner.java:63)
at org.testng.internal.invokers.TestInvoker$MethodInvocationAgent.invoke(TestInvoker.java:992)
at org.testng.internal.invokers.TestInvoker.invokeTestMethods(TestInvoker.java:203)
at org.testng.internal.invokers.TestMethodWorker.invokeTestMethods(TestMethodWorker.java:154)
at org.testng.internal.invokers.TestMethodWorker.run(TestMethodWorker.java:134)
at java.base/java.util.concurrent.Executors$RunnableAdapter.call(Executors.java:545)
at java.base/java.util.concurrent.FutureTask.run(FutureTask.java:328)
at org.testng.internal.thread.graph.TestNGFutureTask.run(TestNGFutureTask.java:22)
at java.base/java.util.concurrent.ThreadPoolExecutor.runWorker(ThreadPoolExecutor.java:1095)
at java.base/java.util.concurrent.ThreadPoolExecutor$Worker.run(ThreadPoolExecutor.java:619)
at java.base/java.lang.Thread.run(Thread.java:1447)
]]>
    </failure>
  </testcase> <!-- execute -->
  <testcase classname="com.example.allure.ParallelRegressionScenario" name="execute" time="2.829"/>
  <testcase classname="com.example.allure.ParallelRegressionScenario" name="execute" time="3.345"/>
  <testcase classname="com.example.allure.ParallelRegressionScenario" name="execute" time="4.501"/>
  <testcase classname="com.example.allure.ParallelRegressionScenario" name="execute" time="2.816"/>
  <testcase classname="com.example.allure.ParallelRegressionScenario" name="execute" time="3.299"/>
  <testcase classname="com.example.allure.ParallelRegressionScenario" name="execute" time="4.746"/>
  <testcase classname="com.example.allure.ParallelRegressionScenario" name="execute" time="4.365"/>
  <testcase classname="com.example.allure.ParallelRegressionScenario" name="execute" time="4.335"/>
  <testcase classname="com.example.allure.ParallelRegressionScenario" name="execute" time="3.805"/>
  <testcase classname="com.example.allure.ParallelRegressionScenario" name="execute" time="4.771">
    <skipped/>
  </testcase> <!-- execute -->
  <testcase classname="com.example.allure.ParallelRegressionScenario" name="execute" time="3.778"/>
  <testcase classname="com.example.allure.ParallelRegressionScenario" name="execute" time="2.850"/>
  <testcase classname="com.example.allure.ParallelRegressionScenario" name="execute" time="4.759">
    <skipped/>
  </testcase> <!-- execute -->
  <testcase classname="com.example.allure.ParallelRegressionScenario" name="execute" time="4.492"/>
  <testcase classname="com.example.allure.ParallelRegressionScenario" name="execute" time="3.326"/>
  <testcase classname="com.example.allure.ParallelRegressionScenario" name="execute" time="4.355"/>
  <testcase classname="com.example.allure.ParallelRegressionScenario" name="execute" time="4.062"/>
  <testcase classname="com.example.allure.ParallelRegressionScenario" name="execute" time="4.542"/>
  <testcase classname="com.example.allure.ParallelRegressionScenario" name="execute" time="3.094"/>
  <testcase classname="com.example.allure.ParallelRegressionScenario" name="execute" time="4.780">
    <failure message="expected 2xx but service returned HTTP 409 (case TC00052_checkout_create_edge_case)" type="java.lang.AssertionError">
      <![CDATA[java.lang.AssertionError: expected 2xx but service returned HTTP 409 (case TC00052_checkout_create_edge_case)
at org.testng.Assert.fail(Assert.java:111)
at com.example.allure.AllureSteps.verifyResponse(AllureSteps.java:38)
at com.example.allure.AbstractRegressionScenario.execute(AbstractRegressionScenario.java:38)
at java.base/jdk.internal.reflect.DirectMethodHandleAccessor.invoke(DirectMethodHandleAccessor.java:104)
at java.base/java.lang.reflect.Method.invoke(Method.java:565)
at org.testng.internal.invokers.MethodInvocationHelper.invokeMethod(MethodInvocationHelper.java:141)
at org.testng.internal.invokers.TestInvoker.invokeMethod(TestInvoker.java:686)
at org.testng.internal.invokers.TestInvoker.invokeTestMethod(TestInvoker.java:230)
at org.testng.internal.invokers.MethodRunner.runInSequence(MethodRunner.java:63)
at org.testng.internal.invokers.TestInvoker$MethodInvocationAgent.invoke(TestInvoker.java:992)
at org.testng.internal.invokers.TestInvoker.invokeTestMethods(TestInvoker.java:203)
at org.testng.internal.invokers.TestMethodWorker.invokeTestMethods(TestMethodWorker.java:154)
at org.testng.internal.invokers.TestMethodWorker.run(TestMethodWorker.java:134)
at java.base/java.util.concurrent.Executors$RunnableAdapter.call(Executors.java:545)
at java.base/java.util.concurrent.FutureTask.run(FutureTask.java:328)
at org.testng.internal.thread.graph.TestNGFutureTask.run(TestNGFutureTask.java:22)
at java.base/java.util.concurrent.ThreadPoolExecutor.runWorker(ThreadPoolExecutor.java:1095)
at java.base/java.util.concurrent.ThreadPoolExecutor$Worker.run(ThreadPoolExecutor.java:619)
at java.base/java.lang.Thread.run(Thread.java:1447)
]]>
    </failure>
  </testcase> <!-- execute -->
  <testcase classname="com.example.allure.ParallelRegressionScenario" name="execute" time="4.739"/>
  <testcase classname="com.example.allure.ParallelRegressionScenario" name="execute" time="4.509">
    <skipped/>
  </testcase> <!-- execute -->
  <testcase classname="com.example.allure.ParallelRegressionScenario" name="execute" time="4.012"/>
  <testcase classname="com.example.allure.ParallelRegressionScenario" name="execute" time="3.087"/>
  <testcase classname="com.example.allure.ParallelRegressionScenario" name="execute" time="3.307"/>
  <testcase classname="com.example.allure.ParallelRegressionScenario" name="execute" time="3.079">
    <failure message="expected 2xx but service returned HTTP 400 (case TC00029_billing_create_rate_limited)" type="java.lang.AssertionError">
      <![CDATA[java.lang.AssertionError: expected 2xx but service returned HTTP 400 (case TC00029_billing_create_rate_limited)
at org.testng.Assert.fail(Assert.java:111)
at com.example.allure.AllureSteps.verifyResponse(AllureSteps.java:38)
at com.example.allure.AbstractRegressionScenario.execute(AbstractRegressionScenario.java:38)
at java.base/jdk.internal.reflect.DirectMethodHandleAccessor.invoke(DirectMethodHandleAccessor.java:104)
at java.base/java.lang.reflect.Method.invoke(Method.java:565)
at org.testng.internal.invokers.MethodInvocationHelper.invokeMethod(MethodInvocationHelper.java:141)
at org.testng.internal.invokers.TestInvoker.invokeMethod(TestInvoker.java:686)
at org.testng.internal.invokers.TestInvoker.invokeTestMethod(TestInvoker.java:230)
at org.testng.internal.invokers.MethodRunner.runInSequence(MethodRunner.java:63)
at org.testng.internal.invokers.TestInvoker$MethodInvocationAgent.invoke(TestInvoker.java:992)
at org.testng.internal.invokers.TestInvoker.invokeTestMethods(TestInvoker.java:203)
at org.testng.internal.invokers.TestMethodWorker.invokeTestMethods(TestMethodWorker.java:154)
at org.testng.internal.invokers.TestMethodWorker.run(TestMethodWorker.java:134)
at java.base/java.util.concurrent.Executors$RunnableAdapter.call(Executors.java:545)
at java.base/java.util.concurrent.FutureTask.run(FutureTask.java:328)
at org.testng.internal.thread.graph.TestNGFutureTask.run(TestNGFutureTask.java:22)
at java.base/java.util.concurrent.ThreadPoolExecutor.runWorker(ThreadPoolExecutor.java:1095)
at java.base/java.util.concurrent.ThreadPoolExecutor$Worker.run(ThreadPoolExecutor.java:619)
at java.base/java.lang.Thread.run(Thread.java:1447)
]]>
    </failure>
  </testcase> <!-- execute -->
  <testcase classname="com.example.allure.ParallelRegressionScenario" name="execute" time="4.105"/>
  <testcase classname="com.example.allure.ParallelRegressionScenario" name="execute" time="2.869"/>
  <testcase classname="com.example.allure.ParallelRegressionScenario" name="execute" time="3.335"/>
  <testcase classname="com.example.allure.ParallelRegressionScenario" name="execute" time="3.106"/>
</testsuite> <!-- com.example.allure.ParallelRegressionScenario -->
