<?xml version="1.0" encoding="UTF-8"?>
<!-- Generated by org.testng.reporters.JUnitReportReporter -->
<testsuite hostname="ANANDTOPU-PC" failures="1" tests="18" name="com.example.allure.SequentialRegressionScenario" time="17.578" errors="0" timestamp="2026-06-06T02:54:53 CDT" skipped="3">
  <testcase classname="com.example.allure.SequentialRegressionScenario" name="execute" time="1.118"/>
  <testcase classname="com.example.allure.SequentialRegressionScenario" name="execute" time="0.982"/>
  <testcase classname="com.example.allure.SequentialRegressionScenario" name="execute" time="0.962"/>
  <testcase classname="com.example.allure.SequentialRegressionScenario" name="execute" time="0.833">
    <skipped/>
  </testcase> <!-- execute -->
  <testcase classname="com.example.allure.SequentialRegressionScenario" name="execute" time="0.872"/>
  <testcase classname="com.example.allure.SequentialRegressionScenario" name="execute" time="0.866"/>
  <testcase classname="com.example.allure.SequentialRegressionScenario" name="execute" time="1.096"/>
  <testcase classname="com.example.allure.SequentialRegressionScenario" name="execute" time="1.001"/>
  <testcase classname="com.example.allure.SequentialRegressionScenario" name="execute" time="0.845"/>
  <testcase classname="com.example.allure.SequentialRegressionScenario" name="execute" time="1.079"/>
  <testcase classname="com.example.allure.SequentialRegressionScenario" name="execute" time="1.089">
    <skipped/>
  </testcase> <!-- execute -->
  <testcase classname="com.example.allure.SequentialRegressionScenario" name="execute" time="1.108">
    <failure message="expected 2xx but service returned HTTP 502 (case TC00041_cart_create_happy_path)" type="java.lang.AssertionError">
      <![CDATA[java.lang.AssertionError: expected 2xx but service returned HTTP 502 (case TC00041_cart_create_happy_path)
at org.testng.Assert.fail(Assert.java:111)
at com.example.allure.AllureSteps.verifyResponse(AllureSteps.java:38)
at com.example.allure.AbstractRegressionScenario.execute(AbstractRegressionScenario.java:38)
at java.base/jdk.internal.reflect.DirectMethodHandleAccessor.invoke(DirectMethodHandleAccessor.java:104)
at java.base/java.lang.reflect.Method.invoke(Method.java:565)
at org.testng.internal.invokers.MethodInvocationHelper.invokeMethod(MethodInvocationHelper.java:141)
at org.testng.internal.invokers.TestInvoker.invokeMethod(TestInvoker.java:686)
at org.testng.internal.invokers.TestInvoker.invokeTestMethod(TestInvoker.java:230)
at org.testng.internal.invokers.MethodRunner.runInSequence(MethodRunner.java:63)
at org.testng.internal.invokers.TestInvoker$MethodInvocationAgent.invoke(TestInvoker.java:992)
at org.testng.internal.invokers.TestInvoker.invokeTestMethods(TestInvoker.java:203)
at org.testng.internal.invokers.TestMethodWorker.invokeTestMethods(TestMethodWorker.java:154)
at org.testng.internal.invokers.TestMethodWorker.run(TestMethodWorker.java:134)
at java.base/java.util.ArrayList.forEach(ArrayList.java:1604)
at org.testng.TestRunner.privateRun(TestRunner.java:739)
at org.testng.TestRunner.run(TestRunner.java:614)
at org.testng.SuiteRunner.runTest(SuiteRunner.java:421)
at org.testng.SuiteRunner.runSequentially(SuiteRunner.java:413)
at org.testng.SuiteRunner.privateRun(SuiteRunner.java:373)
at org.testng.SuiteRunner.run(SuiteRunner.java:312)
at org.testng.SuiteRunnerWorker.runSuite(SuiteRunnerWorker.java:52)
at org.testng.SuiteRunnerWorker.run(SuiteRunnerWorker.java:95)
at org.testng.TestNG.runSuitesSequentially(TestNG.java:1274)
at org.testng.TestNG.runSuitesLocally(TestNG.java:1208)
at org.testng.TestNG.runSuites(TestNG.java:1112)
at org.testng.TestNG.run(TestNG.java:1079)
at org.apache.maven.surefire.testng.TestNGExecutor.run(TestNGExecutor.java:308)
at org.apache.maven.surefire.testng.TestNGXmlTestSuite.execute(TestNGXmlTestSuite.java:71)
at org.apache.maven.surefire.testng.TestNGProvider.invoke(TestNGProvider.java:113)
at org.apache.maven.surefire.booter.ForkedBooter.runSuitesInProcess(ForkedBooter.java:385)
at org.apache.maven.surefire.booter.ForkedBooter.execute(ForkedBooter.java:162)
at org.apache.maven.surefire.booter.ForkedBooter.run(ForkedBooter.java:507)
at org.apache.maven.surefire.booter.ForkedBooter.main(ForkedBooter.java:495)
]]>
    </failure>
  </testcase> <!-- execute -->
  <testcase classname="com.example.allure.SequentialRegressionScenario" name="execute" time="0.970"/>
  <testcase classname="com.example.allure.SequentialRegressionScenario" name="execute" time="0.857"/>
  <testcase classname="com.example.allure.SequentialRegressionScenario" name="execute" time="0.992">
    <skipped/>
  </testcase> <!-- execute -->
  <testcase classname="com.example.allure.SequentialRegressionScenario" name="execute" time="0.885"/>
  <testcase classname="com.example.allure.SequentialRegressionScenario" name="execute" time="1.070"/>
  <testcase classname="com.example.allure.SequentialRegressionScenario" name="execute" time="0.953"/>
</testsuite> <!-- com.example.allure.SequentialRegressionScenario -->
